<?xml version="1.0" encoding="UTF-8"?>
<testsuite name="com.customer_service.customer_service.CustomerServiceApplicationTests" tests="1" skipped="0" failures="0" errors="0" timestamp="2021-12-17T08:17:12" hostname="MacBook.fritz.box" time="0.05">
  <properties/>
  <testcase name="contextLoads()" classname="com.customer_service.customer_service.CustomerServiceApplicationTests" time="0.05"/>
  <system-out><![CDATA[09:17:09.644 [Test worker] DEBUG org.springframework.test.context.BootstrapUtils - Instantiating CacheAwareContextLoaderDelegate from class [org.springframework.test.context.cache.DefaultCacheAwareContextLoaderDelegate]
09:17:09.649 [Test worker] DEBUG org.springframework.test.context.BootstrapUtils - Instantiating BootstrapContext using constructor [public org.springframework.test.context.support.DefaultBootstrapContext(java.lang.Class,org.springframework.test.context.CacheAwareContextLoaderDelegate)]
09:17:09.668 [Test worker] DEBUG org.springframework.test.context.BootstrapUtils - Instantiating TestContextBootstrapper for test class [com.customer_service.customer_service.CustomerServiceApplicationTests] from class [org.springframework.boot.test.context.SpringBootTestContextBootstrapper]
09:17:09.675 [Test worker] INFO org.springframework.boot.test.context.SpringBootTestContextBootstrapper - Neither @ContextConfiguration nor @ContextHierarchy found for test class [com.customer_service.customer_service.CustomerServiceApplicationTests], using SpringBootContextLoader
09:17:09.677 [Test worker] DEBUG org.springframework.test.context.support.AbstractContextLoader - Did not detect default resource location for test class [com.customer_service.customer_service.CustomerServiceApplicationTests]: class path resource [com/customer_service/customer_service/CustomerServiceApplicationTests-context.xml] does not exist
09:17:09.677 [Test worker] DEBUG org.springframework.test.context.support.AbstractContextLoader - Did not detect default resource location for test class [com.customer_service.customer_service.CustomerServiceApplicationTests]: class path resource [com/customer_service/customer_service/CustomerServiceApplicationTestsContext.groovy] does not exist
09:17:09.677 [Test worker] INFO org.springframework.test.context.support.AbstractContextLoader - Could not detect default resource locations for test class [com.customer_service.customer_service.CustomerServiceApplicationTests]: no resource found for suffixes {-context.xml, Context.groovy}.
09:17:09.677 [Test worker] INFO org.springframework.test.context.support.AnnotationConfigContextLoaderUtils - Could not detect default configuration classes for test class [com.customer_service.customer_service.CustomerServiceApplicationTests]: CustomerServiceApplicationTests does not declare any static, non-private, non-final, nested classes annotated with @Configuration.
09:17:09.697 [Test worker] DEBUG org.springframework.test.context.support.ActiveProfilesUtils - Could not find an 'annotation declaring class' for annotation type [org.springframework.test.context.ActiveProfiles] and class [com.customer_service.customer_service.CustomerServiceApplicationTests]
09:17:09.730 [Test worker] DEBUG org.springframework.context.annotation.ClassPathScanningCandidateComponentProvider - Identified candidate component class: file [/Users/nico/Projects/onlineshop/customer_service/build/classes/java/main/com/customer_service/customer_service/CustomerServiceApplication.class]
09:17:09.731 [Test worker] INFO org.springframework.boot.test.context.SpringBootTestContextBootstrapper - Found @SpringBootConfiguration com.customer_service.customer_service.CustomerServiceApplication for test class com.customer_service.customer_service.CustomerServiceApplicationTests
09:17:09.774 [Test worker] DEBUG org.springframework.boot.test.context.SpringBootTestContextBootstrapper - @TestExecutionListeners is not present for class [com.customer_service.customer_service.CustomerServiceApplicationTests]: using defaults.
09:17:09.774 [Test worker] INFO org.springframework.boot.test.context.SpringBootTestContextBootstrapper - Loaded default TestExecutionListener class names from location [META-INF/spring.factories]: [org.springframework.boot.test.autoconfigure.restdocs.RestDocsTestExecutionListener, org.springframework.boot.test.autoconfigure.web.client.MockRestServiceServerResetTestExecutionListener, org.springframework.boot.test.autoconfigure.web.servlet.MockMvcPrintOnlyOnFailureTestExecutionListener, org.springframework.boot.test.autoconfigure.web.servlet.WebDriverTestExecutionListener, org.springframework.boot.test.autoconfigure.webservices.client.MockWebServiceServerTestExecutionListener, org.springframework.boot.test.mock.mockito.MockitoTestExecutionListener, org.springframework.boot.test.mock.mockito.ResetMocksTestExecutionListener, org.springframework.test.context.web.ServletTestExecutionListener, org.springframework.test.context.support.DirtiesContextBeforeModesTestExecutionListener, org.springframework.test.context.event.ApplicationEventsTestExecutionListener, org.springframework.test.context.support.DependencyInjectionTestExecutionListener, org.springframework.test.context.support.DirtiesContextTestExecutionListener, org.springframework.test.context.transaction.TransactionalTestExecutionListener, org.springframework.test.context.jdbc.SqlScriptsTestExecutionListener, org.springframework.test.context.event.EventPublishingTestExecutionListener]
09:17:09.783 [Test worker] INFO org.springframework.boot.test.context.SpringBootTestContextBootstrapper - Using TestExecutionListeners: [org.springframework.test.context.web.ServletTestExecutionListener@1e886a5b, org.springframework.test.context.support.DirtiesContextBeforeModesTestExecutionListener@d816dde, org.springframework.test.context.event.ApplicationEventsTestExecutionListener@6e33c391, org.springframework.boot.test.mock.mockito.MockitoTestExecutionListener@6c451c9c, org.springframework.boot.test.autoconfigure.SpringBootDependencyInjectionTestExecutionListener@31c269fd, org.springframework.test.context.support.DirtiesContextTestExecutionListener@372b0d86, org.springframework.test.context.transaction.TransactionalTestExecutionListener@47747fb9, org.springframework.test.context.jdbc.SqlScriptsTestExecutionListener@3113a37, org.springframework.test.context.event.EventPublishingTestExecutionListener@213e3629, org.springframework.boot.test.autoconfigure.restdocs.RestDocsTestExecutionListener@4e9658b5, org.springframework.boot.test.autoconfigure.web.client.MockRestServiceServerResetTestExecutionListener@2a7b6f69, org.springframework.boot.test.autoconfigure.web.servlet.MockMvcPrintOnlyOnFailureTestExecutionListener@20312893, org.springframework.boot.test.autoconfigure.web.servlet.WebDriverTestExecutionListener@70eecdc2, org.springframework.boot.test.autoconfigure.webservices.client.MockWebServiceServerTestExecutionListener@c41709a, org.springframework.boot.test.mock.mockito.ResetMocksTestExecutionListener@7db0565c]
09:17:09.785 [Test worker] DEBUG org.springframework.test.context.support.AbstractDirtiesContextTestExecutionListener - Before test class: context [DefaultTestContext@41c07648 testClass = CustomerServiceApplicationTests, testInstance = [null], testMethod = [null], testException = [null], mergedContextConfiguration = [WebMergedContextConfiguration@1fe8d51b testClass = CustomerServiceApplicationTests, locations = '{}', classes = '{class com.customer_service.customer_service.CustomerServiceApplication}', contextInitializerClasses = '[]', activeProfiles = '{}', propertySourceLocations = '{}', propertySourceProperties = '{org.springframework.boot.test.context.SpringBootTestContextBootstrapper=true}', contextCustomizers = set[org.springframework.boot.test.autoconfigure.actuate.metrics.MetricsExportContextCustomizerFactory$DisableMetricExportContextCustomizer@57ac5227, org.springframework.boot.test.autoconfigure.properties.PropertyMappingContextCustomizer@0, org.springframework.boot.test.autoconfigure.web.servlet.WebDriverContextCustomizerFactory$Customizer@a4ca3f6, org.springframework.boot.test.context.filter.ExcludeFilterContextCustomizer@b6b1987, org.springframework.boot.test.json.DuplicateJsonObjectContextCustomizerFactory$DuplicateJsonObjectContextCustomizer@66b7550d, org.springframework.boot.test.mock.mockito.MockitoContextCustomizer@0, org.springframework.boot.test.web.client.TestRestTemplateContextCustomizer@77a98a6a, org.springframework.boot.test.context.SpringBootTestArgs@1, org.springframework.boot.test.context.SpringBootTestWebEnvironment@3bcd05cb], resourceBasePath = 'src/main/webapp', contextLoader = 'org.springframework.boot.test.context.SpringBootContextLoader', parent = [null]], attributes = map['org.springframework.test.context.web.ServletTestExecutionListener.activateListener' -> true]], class annotated with @DirtiesContext [false] with mode [null].
09:17:09.820 [Test worker] DEBUG org.springframework.boot.ApplicationServletEnvironment - Activating profiles []
09:17:09.822 [Test worker] DEBUG org.springframework.test.context.support.TestPropertySourceUtils - Adding inlined properties to environment: {spring.jmx.enabled=false, org.springframework.boot.test.context.SpringBootTestContextBootstrapper=true}

  .   ____          _            __ _ _
 /\\ / ___'_ __ _ _(_)_ __  __ _ \ \ \ \
( ( )\___ | '_ | '_| | '_ \/ _` | \ \ \ \
 \\/  ___)| |_)| | | | | || (_| |  ) ) ) )
  '  |____| .__|_| |_|_| |_\__, | / / / /
 =========|_|==============|___/=/_/_/_/
 :: Spring Boot ::                (v2.6.0)

2021-12-17 09:17:09.953  INFO 76203 --- [    Test worker] c.c.c.CustomerServiceApplicationTests    : Starting CustomerServiceApplicationTests using Java 11.0.10 on MacBook.fritz.box with PID 76203 (started by nico in /Users/nico/Projects/onlineshop/customer_service)
2021-12-17 09:17:09.954  INFO 76203 --- [    Test worker] c.c.c.CustomerServiceApplicationTests    : No active profile set, falling back to default profiles: default
2021-12-17 09:17:10.313  INFO 76203 --- [    Test worker] .s.d.r.c.RepositoryConfigurationDelegate : Bootstrapping Spring Data JPA repositories in DEFAULT mode.
2021-12-17 09:17:10.337  INFO 76203 --- [    Test worker] .s.d.r.c.RepositoryConfigurationDelegate : Finished Spring Data repository scanning in 20 ms. Found 1 JPA repository interfaces.
2021-12-17 09:17:10.598  INFO 76203 --- [    Test worker] com.zaxxer.hikari.HikariDataSource       : HikariPool-1 - Starting...
2021-12-17 09:17:10.683  INFO 76203 --- [    Test worker] com.zaxxer.hikari.HikariDataSource       : HikariPool-1 - Start completed.
2021-12-17 09:17:10.723  INFO 76203 --- [    Test worker] o.hibernate.jpa.internal.util.LogHelper  : HHH000204: Processing PersistenceUnitInfo [name: default]
2021-12-17 09:17:10.752  INFO 76203 --- [    Test worker] org.hibernate.Version                    : HHH000412: Hibernate ORM core version 5.6.1.Final
2021-12-17 09:17:10.850  INFO 76203 --- [    Test worker] o.hibernate.annotations.common.Version   : HCANN000001: Hibernate Commons Annotations {5.1.2.Final}
2021-12-17 09:17:10.908  INFO 76203 --- [    Test worker] org.hibernate.dialect.Dialect            : HHH000400: Using dialect: org.hibernate.dialect.H2Dialect
2021-12-17 09:17:11.192  INFO 76203 --- [    Test worker] o.h.e.t.j.p.i.JtaPlatformInitiator       : HHH000490: Using JtaPlatform implementation: [org.hibernate.engine.transaction.jta.platform.internal.NoJtaPlatform]
2021-12-17 09:17:11.196  INFO 76203 --- [    Test worker] j.LocalContainerEntityManagerFactoryBean : Initialized JPA EntityManagerFactory for persistence unit 'default'
2021-12-17 09:17:11.514  WARN 76203 --- [    Test worker] JpaBaseConfiguration$JpaWebConfiguration : spring.jpa.open-in-view is enabled by default. Therefore, database queries may be performed during view rendering. Explicitly configure spring.jpa.open-in-view to disable this warning
2021-12-17 09:17:12.351  INFO 76203 --- [    Test worker] c.c.c.CustomerServiceApplicationTests    : Started CustomerServiceApplicationTests in 2.527 seconds (JVM running for 3.1)
]]></system-out>
  <system-err><![CDATA[]]></system-err>
</testsuite>
